<?xml version="1.0" encoding="UTF-8"?>
<!-- Generated by org.testng.reporters.JUnitXMLReporter -->
<testsuite ignored="0" hostname="LAPTOP-SG5OOO1B" failures="0" tests="2" name="Test-Runner-Firefox" time="17.04" errors="0" timestamp="2025-06-17T12:51:30 IST">
  <testcase classname="InventoryModule.AddProduct" name="sample" time="0.003"/>
  <testcase classname="InventoryModule.AddProduct" name="tc_002AddProductTest" time="9.489"/>
</testsuite> <!-- Test-Runner-Firefox -->
