<?xml version="1.0" encoding="UTF-8"?>
<!-- Generated by org.testng.reporters.JUnitXMLReporter -->
<testsuite ignored="0" hostname="LAPTOP-SG5OOO1B" failures="0" tests="2" name="Test-Runner-Edge" time="13.449" errors="0" timestamp="2025-06-17T12:51:26 IST">
  <testcase classname="InventoryModule.AddProduct" name="sample" time="0.011"/>
  <testcase classname="InventoryModule.AddProduct" name="tc_002AddProductTest" time="9.336"/>
</testsuite> <!-- Test-Runner-Edge -->
