<?xml version="1.0" encoding="UTF-8"?>
<!-- Generated by org.testng.reporters.JUnitXMLReporter -->
<testsuite ignored="4" hostname="LAPTOP-SG5OOO1B" failures="0" tests="3" name="Test-Runner-Chrome" time="13.543" errors="0" timestamp="2025-06-17T12:46:09 IST">
  <testcase classname="InventoryModule.AddToCartButton" name="tc_003AddToCartButtonTest" time="7.323"/>
  <testcase classname="InventoryModule.AddProduct" name="sample" time="0.0">
    <skipped/>
  </testcase> <!-- sample -->
  <testcase classname="InventoryModule.AddProduct" name="tc_002AddProductTest" time="0.0">
    <skipped/>
  </testcase> <!-- tc_002AddProductTest -->
  <testcase classname="generic_utilities.BaseClass" name="@AfterTest acConfig" time="0.0">
    <ignored/>
  </testcase> <!-- @AfterTest acConfig -->
  <testcase classname="generic_utilities.BaseClass" name="@AfterSuite asConfig" time="0.0">
    <ignored/>
  </testcase> <!-- @AfterSuite asConfig -->
  <testcase classname="generic_utilities.BaseClass" name="@BeforeTest bcConfig" time="0.0">
    <ignored/>
  </testcase> <!-- @BeforeTest bcConfig -->
  <testcase classname="generic_utilities.BaseClass" name="@BeforeSuite bsConfig" time="0.0">
    <ignored/>
  </testcase> <!-- @BeforeSuite bsConfig -->
</testsuite> <!-- Test-Runner-Chrome -->
