<?xml version="1.0" encoding="UTF-8"?>
<!-- Generated by org.testng.reporters.JUnitReportReporter -->
<testsuite hostname="LAPTOP-SG5OOO1B" failures="0" tests="2" name="InventoryModule.AddToCartButton" time="9.303" errors="0" timestamp="2025-06-21T13:09:34 IST" skipped="0">
  <testcase classname="InventoryModule.AddToCartButton" name="tc_003AddToCartButtonTest" time="8.771"/>
  <testcase classname="InventoryModule.AddToCartButton" name="vrunda" time="0.532"/>
</testsuite> <!-- InventoryModule.AddToCartButton -->
