<?xml version="1.0" encoding="UTF-8"?>
<!-- Generated by org.testng.reporters.JUnitReportReporter -->
<testsuite hostname="LAPTOP-SG5OOO1B" failures="0" tests="4" name="Practice.dataproviderPractice" time="0.019" errors="0" timestamp="2025-06-12T13:26:48 IST" skipped="0">
  <testcase classname="Practice.dataproviderPractice" name="createCutomer" time="0.014"/>
  <testcase classname="Practice.dataproviderPractice" name="createCutomer" time="0.001"/>
  <testcase classname="Practice.dataproviderPractice" name="createCutomer" time="0.002"/>
  <testcase classname="Practice.dataproviderPractice" name="createCutomer" time="0.002"/>
</testsuite> <!-- Practice.dataproviderPractice -->
