<?xml version="1.0" encoding="UTF-8"?>
<!-- Generated by org.testng.reporters.JUnitReportReporter -->
<testsuite hostname="LAPTOP-SG5OOO1B" failures="0" tests="3" name="Practice.PracticeTestNG" time="0.016" errors="0" timestamp="2025-06-12T13:50:16 IST" skipped="1">
  <testcase classname="Practice.PracticeTestNG" name="add" time="0.002"/>
  <testcase classname="Practice.PracticeTestNG" name="add" time="0.014"/>
  <testcase classname="Practice.PracticeTestNG" name="create">
    <skipped/>
  </testcase> <!-- create -->
</testsuite> <!-- Practice.PracticeTestNG -->
