<?xml version="1.0" encoding="UTF-8"?>
<!-- Generated by org.testng.reporters.JUnitReportReporter -->
<testsuite hostname="LAPTOP-SG5OOO1B" failures="0" tests="1" name="InventoryModule.AddProduct" time="0.719" errors="0" timestamp="2025-06-21T13:09:34 IST" skipped="0">
  <testcase classname="InventoryModule.AddProduct" name="sample" time="0.719"/>
</testsuite> <!-- InventoryModule.AddProduct -->
